{"C:\\Users\\maram\\Desktop\\soft\\softwaretesting\\softwaretesting\\cypress\\cypress.config.js":{"path":"C:\\Users\\maram\\Desktop\\soft\\softwaretesting\\softwaretesting\\cypress\\cypress.config.js","statementMap":{"0":{"start":{"line":1,"column":25},"end":{"line":1,"column":43}},"1":{"start":{"line":3,"column":0},"end":{"line":9,"column":3}}},"fnMap":{"0":{"name":"(anonymous_0)","decl":{"start":{"line":5,"column":4},"end":{"line":5,"column":5}},"loc":{"start":{"line":5,"column":32},"end":{"line":7,"column":5}},"line":5}},"branchMap":{},"s":{"0":1,"1":1},"f":{"0":1},"b":{},"_coverageSchema":"1a1c01bbd47fc00a2c39e90264f33305004495a9","hash":"ef28d3c571afd5fc0e7630d124eea87558d5152b","contentHash":"ca4c1f5abe648784768860284cc90f4fddfd2d00321fdfa9117cf25ca619e56d"}}